<?xml version="1.0" encoding="UTF-8"?>
<!-- Generated by org.testng.reporters.JUnitReportReporter -->
<testsuite hostname="muhammad-palm" name="WeBuy.WeBuy" tests="1" failures="0" timestamp="12 Mar 2015 03:59:57 GMT" time="184.466" errors="0">
  <testcase name="testProductPurchseProcess" time="184.466" classname="WeBuy.WeBuy"/>
</testsuite> <!-- WeBuy.WeBuy -->
